Using pre-set license
Built from '2022.1/china_unity/release' branch; Version is '2022.1.16f1c1 (c48b242658a2) revision 12880676'; Using compiler version '192829333'; Build Type 'Release'
OS: 'Windows 11  (10.0.22000) 64bit CoreCountrySpecific' Language: 'zh' Physical Memory: 16180 MB
BatchMode: 1, IsHumanControllingUs: 0, StartBugReporterOnCrash: 0, Is64bit: 1, IsPro: 1

COMMAND LINE ARGUMENTS:
D:\environment\unity1\Unity 2022.1.16f1c1\Editor\Unity.exe
-adb2
-batchMode
-noUpm
-name
AssetImportWorker0
-projectPath
D:/environment/unity/项目地址/New Unity Project (1)
-logFile
Logs/AssetImportWorker0.log
-srvPort
56555
Successfully changed project path to: D:/environment/unity/项目地址/New Unity Project (1)
D:/environment/unity/项目地址/New Unity Project (1)
[UnityMemory] Configuration Parameters - Can be set up in boot.config
    "memorysetup-bucket-allocator-granularity=16"
    "memorysetup-bucket-allocator-bucket-count=8"
    "memorysetup-bucket-allocator-block-size=33554432"
    "memorysetup-bucket-allocator-block-count=8"
    "memorysetup-main-allocator-block-size=16777216"
    "memorysetup-thread-allocator-block-size=16777216"
    "memorysetup-gfx-main-allocator-block-size=16777216"
    "memorysetup-gfx-thread-allocator-block-size=16777216"
    "memorysetup-cache-allocator-block-size=4194304"
    "memorysetup-typetree-allocator-block-size=2097152"
    "memorysetup-profiler-bucket-allocator-granularity=16"
    "memorysetup-profiler-bucket-allocator-bucket-count=8"
    "memorysetup-profiler-bucket-allocator-block-size=33554432"
    "memorysetup-profiler-bucket-allocator-block-count=8"
    "memorysetup-profiler-allocator-block-size=16777216"
    "memorysetup-profiler-editor-allocator-block-size=1048576"
    "memorysetup-temp-allocator-size-main=16777216"
    "memorysetup-job-temp-allocator-block-size=2097152"
    "memorysetup-job-temp-allocator-block-size-background=1048576"
    "memorysetup-job-temp-allocator-reduction-small-platforms=262144"
    "memorysetup-temp-allocator-size-background-worker=32768"
    "memorysetup-temp-allocator-size-job-worker=262144"
    "memorysetup-temp-allocator-size-preload-manager=33554432"
    "memorysetup-temp-allocator-size-nav-mesh-worker=65536"
    "memorysetup-temp-allocator-size-audio-worker=65536"
    "memorysetup-temp-allocator-size-cloud-worker=32768"
    "memorysetup-temp-allocator-size-gi-baking-worker=262144"
    "memorysetup-temp-allocator-size-gfx=262144"
Refreshing native plugins compatible for Editor in 195.49 ms, found 3 plugins.
Preloading 0 native plugins for Editor in 0.00 ms.
Initialize engine version: 2022.1.16f1c1 (c48b242658a2)
[Subsystems] Discovering subsystems at path D:/environment/unity1/Unity 2022.1.16f1c1/Editor/Data/Resources/UnitySubsystems
[Subsystems] Discovering subsystems at path D:/environment/unity/项目地址/New Unity Project (1)/Assets
GfxDevice: creating device client; threaded=0; jobified=0
Direct3D:
    Version:  Direct3D 11.0 [level 11.1]
    Renderer: Intel(R) UHD Graphics (ID=0x9b41)
    Vendor:   Intel
    VRAM:     8090 MB
    Driver:   27.20.100.8729
Initialize mono
Mono path[0] = 'D:/environment/unity1/Unity 2022.1.16f1c1/Editor/Data/Managed'
Mono path[1] = 'D:/environment/unity1/Unity 2022.1.16f1c1/Editor/Data/MonoBleedingEdge/lib/mono/unityjit-win32'
Mono config path = 'D:/environment/unity1/Unity 2022.1.16f1c1/Editor/Data/MonoBleedingEdge/etc'
Using monoOptions --debugger-agent=transport=dt_socket,embedding=1,server=y,suspend=n,address=127.0.0.1:56052
Begin MonoManager ReloadAssembly
Registering precompiled unity dll's ...
Register platform support module: D:/environment/unity1/Unity 2022.1.16f1c1/Editor/Data/PlaybackEngines/WindowsStandaloneSupport/UnityEditor.WindowsStandalone.Extensions.dll
Registered in 0.007096 seconds.
Native extension for WindowsStandalone target not found
Refreshing native plugins compatible for Editor in 209.55 ms, found 3 plugins.
Preloading 0 native plugins for Editor in 0.00 ms.
Mono: successfully reloaded assembly
- Completed reload, in  1.785 seconds
Domain Reload Profiling:
	ReloadAssembly (1786ms)
		BeginReloadAssembly (250ms)
			ExecutionOrderSort (0ms)
			DisableScriptedObjects (0ms)
			BackupInstance (0ms)
			ReleaseScriptingObjects (0ms)
			CreateAndSetChildDomain (2ms)
		EndReloadAssembly (1244ms)
			LoadAssemblies (236ms)
			RebuildTransferFunctionScriptingTraits (0ms)
			SetupTypeCache (308ms)
				TypeCache.Initialize (307ms)
					TypeCache.ScanAssembly (304ms)
				ResolveRequiredComponents (1ms)
			ReleaseScriptCaches (0ms)
			RebuildScriptCaches (89ms)
			SetupLoadedEditorAssemblies (679ms)
				LogAssemblyErrors (0ms)
				InitializePlatformSupportModulesInManaged (17ms)
				SetLoadedEditorAssemblies (21ms)
				RefreshPlugins (210ms)
				BeforeProcessingInitializeOnLoad (3ms)
				ProcessInitializeOnLoadAttributes (312ms)
				ProcessInitializeOnLoadMethodAttributes (116ms)
				AfterProcessingInitializeOnLoad (0ms)
				EditorAssembliesLoaded (0ms)
			ExecutionOrderSort2 (0ms)
			AwakeInstancesAfterBackupRestoration (0ms)
Platform modules already initialized, skipping
Registering precompiled user dll's ...
Registered in 0.034882 seconds.
Begin MonoManager ReloadAssembly
Symbol file LoadedFromMemory doesn't match image D:\environment\unity\项目地址\New Unity Project (1)\Library\PackageCache\com.unity.visualscripting@1.7.8\Editor\VisualScripting.Core\Dependencies\YamlDotNet\Unity.VisualScripting.YamlDotNet.dll
Symbol file LoadedFromMemory doesn't match image D:\environment\unity\项目地址\New Unity Project (1)\Library\PackageCache\com.unity.visualscripting@1.7.8\Editor\VisualScripting.Core\Dependencies\DotNetZip\Unity.VisualScripting.IonicZip.dll
Native extension for WindowsStandalone target not found
Refreshing native plugins compatible for Editor in 0.94 ms, found 3 plugins.
Preloading 0 native plugins for Editor in 0.00 ms.
Mono: successfully reloaded assembly
- Completed reload, in  2.870 seconds
Domain Reload Profiling:
	ReloadAssembly (2873ms)
		BeginReloadAssembly (339ms)
			ExecutionOrderSort (0ms)
			DisableScriptedObjects (14ms)
			BackupInstance (0ms)
			ReleaseScriptingObjects (0ms)
			CreateAndSetChildDomain (54ms)
		EndReloadAssembly (2223ms)
			LoadAssemblies (244ms)
			RebuildTransferFunctionScriptingTraits (0ms)
			SetupTypeCache (787ms)
				TypeCache.Initialize (775ms)
					TypeCache.ScanAssembly (766ms)
				ResolveRequiredComponents (12ms)
			ReleaseScriptCaches (1ms)
			RebuildScriptCaches (129ms)
			SetupLoadedEditorAssemblies (922ms)
				LogAssemblyErrors (0ms)
				InitializePlatformSupportModulesInManaged (14ms)
				SetLoadedEditorAssemblies (20ms)
				RefreshPlugins (1ms)
				BeforeProcessingInitializeOnLoad (236ms)
				ProcessInitializeOnLoadAttributes (547ms)
				ProcessInitializeOnLoadMethodAttributes (75ms)
				AfterProcessingInitializeOnLoad (28ms)
				EditorAssembliesLoaded (0ms)
			ExecutionOrderSort2 (0ms)
			AwakeInstancesAfterBackupRestoration (23ms)
Platform modules already initialized, skipping
========================================================================
Worker process is ready to serve import requests
Launched and connected shader compiler UnityShaderCompiler.exe after 0.09 seconds
Refreshing native plugins compatible for Editor in 1.35 ms, found 3 plugins.
Preloading 0 native plugins for Editor in 0.00 ms.
Unloading 3400 Unused Serialized files (Serialized files now loaded: 0)
Unloading 26 unused Assets / (58.3 KB). Loaded Objects now: 3860.
Memory consumption went from 0.51 GB to 0.51 GB.
Total: 7.718000 ms (FindLiveObjects: 0.542700 ms CreateObjectMapping: 0.529500 ms MarkObjects: 6.519300 ms  DeleteObjects: 0.124400 ms)

AssetImportParameters requested are different than current active one (requested -> active):
  custom:video-decoder-ogg-theora: a1e56fd34408186e4bbccfd4996cb3dc -> 
  custom:container-muxer-webm: aa71ff27fc2769a1b78a27578f13a17b -> 
  custom:container-demuxer-webm: 4f35f7cbe854078d1ac9338744f61a02 -> 
  custom:video-encoder-webm-vp8: eb34c28f22e8b96e1ab97ce403110664 -> 
  custom:video-codec-MediaFoundation-h265: 746d11721c4dcdbdad8f713fa42b33f4 -> 
  custom:audio-encoder-webm-vorbis: bf7c407c2cedff20999df2af8eb42d56 -> 
  custom:framework-win-MediaFoundation: 216162199b28c13a410421893ffa2e32 -> 
  custom:container-demuxer-ogg: 62fdf1f143b41e24485cea50d1cbac27 -> 
  custom:video-decoder-webm-vp8: 9c59270c3fd7afecdb556c50c9e8de78 -> 
  custom:audio-decoder-ogg-vorbis: bf7c407c2cedff20999df2af8eb42d56 -> 
========================================================================
Received Import Request.
  Time since last request: 319928.587616 seconds.
  path: Packages/com.unity.ide.visualstudio/package.json
  artifactKey: Guid(656f74f6edaa396458412b9e3903d8cd) Importer(815301076,1909f56bfc062723c751e8b465ee728b)
Start importing Packages/com.unity.ide.visualstudio/package.json using Guid(656f74f6edaa396458412b9e3903d8cd) Importer(815301076,1909f56bfc062723c751e8b465ee728b)  -> (artifact id: 'dc4fb554cf490eceb2a0eda1bda749c3') in 0.096942 seconds 
========================================================================
Received Import Request.
  Time since last request: 0.000039 seconds.
  path: Packages/com.unity.ide.rider/package.json
  artifactKey: Guid(66c95bb3c74257f41bae2622511dc02d) Importer(815301076,1909f56bfc062723c751e8b465ee728b)
Start importing Packages/com.unity.ide.rider/package.json using Guid(66c95bb3c74257f41bae2622511dc02d) Importer(815301076,1909f56bfc062723c751e8b465ee728b)  -> (artifact id: 'df14aa2865457e437898e74c0b4c761b') in 0.004977 seconds 
========================================================================
Received Import Request.
  Time since last request: 0.000036 seconds.
  path: Packages/com.unity.nuget.newtonsoft-json/package.json
  artifactKey: Guid(f8d4e5c2f2df25449ae8c391afbe5114) Importer(815301076,1909f56bfc062723c751e8b465ee728b)
Start importing Packages/com.unity.nuget.newtonsoft-json/package.json using Guid(f8d4e5c2f2df25449ae8c391afbe5114) Importer(815301076,1909f56bfc062723c751e8b465ee728b)  -> (artifact id: '7eb7d298e9839c27c18b17bde920ff2a') in 0.005642 seconds 
========================================================================
Received Import Request.
  Time since last request: 5.928220 seconds.
  path: Assets/Scenes
  artifactKey: Guid(098161c9b36557e40919e11b4af8529f) Importer(815301076,1909f56bfc062723c751e8b465ee728b)
Start importing Assets/Scenes using Guid(098161c9b36557e40919e11b4af8529f) Importer(815301076,1909f56bfc062723c751e8b465ee728b)  -> (artifact id: 'da3146a9b0e18b9442f1c762df313507') in 0.002275 seconds 
========================================================================
Received Import Request.
  Time since last request: 0.770769 seconds.
  path: Assets/Scenes/SampleScene.unity
  artifactKey: Guid(9fc0d4010bbf28b4594072e72b8655ab) Importer(815301076,1909f56bfc062723c751e8b465ee728b)
Start importing Assets/Scenes/SampleScene.unity using Guid(9fc0d4010bbf28b4594072e72b8655ab) Importer(815301076,1909f56bfc062723c751e8b465ee728b)  -> (artifact id: 'f06ff7518c93fa7a16f3a53a85d38f58') in 0.003388 seconds 
========================================================================
Received Import Request.
  Time since last request: 63.342152 seconds.
  path: Assets
  artifactKey: Guid(00000000000000001000000000000000) Importer(815301076,1909f56bfc062723c751e8b465ee728b)
Start importing Assets using Guid(00000000000000001000000000000000) Importer(815301076,1909f56bfc062723c751e8b465ee728b)  -> (artifact id: '6e8165099f8bfd50797b2ebe9f8b211b') in 0.002120 seconds 
========================================================================
Received Import Request.
  Time since last request: 0.027463 seconds.
  path: Assets/MainSceneSettings.lighting
  artifactKey: Guid(71fec97708cffb2499c8a1d0984b00a4) Importer(815301076,1909f56bfc062723c751e8b465ee728b)
Start importing Assets/MainSceneSettings.lighting using Guid(71fec97708cffb2499c8a1d0984b00a4) Importer(815301076,1909f56bfc062723c751e8b465ee728b)  -> (artifact id: 'b576cd40121b9ac310959ab3e3beef31') in 0.010034 seconds 
========================================================================
Received Prepare
Registering precompiled user dll's ...
Registered in 0.026266 seconds.
Begin MonoManager ReloadAssembly
Symbol file LoadedFromMemory doesn't match image D:\environment\unity\项目地址\New Unity Project (1)\Library\PackageCache\com.unity.visualscripting@1.7.8\Editor\VisualScripting.Core\Dependencies\YamlDotNet\Unity.VisualScripting.YamlDotNet.dll
Symbol file LoadedFromMemory doesn't match image D:\environment\unity\项目地址\New Unity Project (1)\Library\PackageCache\com.unity.visualscripting@1.7.8\Editor\VisualScripting.Core\Dependencies\DotNetZip\Unity.VisualScripting.IonicZip.dll
Native extension for WindowsStandalone target not found
Refreshing native plugins compatible for Editor in 0.82 ms, found 3 plugins.
Preloading 0 native plugins for Editor in 0.00 ms.
Mono: successfully reloaded assembly
- Completed reload, in  2.837 seconds
Domain Reload Profiling:
	ReloadAssembly (2838ms)
		BeginReloadAssembly (348ms)
			ExecutionOrderSort (0ms)
			DisableScriptedObjects (12ms)
			BackupInstance (0ms)
			ReleaseScriptingObjects (0ms)
			CreateAndSetChildDomain (101ms)
		EndReloadAssembly (2145ms)
			LoadAssemblies (251ms)
			RebuildTransferFunctionScriptingTraits (0ms)
			SetupTypeCache (906ms)
				TypeCache.Initialize (898ms)
					TypeCache.ScanAssembly (883ms)
				ResolveRequiredComponents (8ms)
			ReleaseScriptCaches (2ms)
			RebuildScriptCaches (84ms)
			SetupLoadedEditorAssemblies (779ms)
				LogAssemblyErrors (0ms)
				InitializePlatformSupportModulesInManaged (22ms)
				SetLoadedEditorAssemblies (13ms)
				RefreshPlugins (1ms)
				BeforeProcessingInitializeOnLoad (131ms)
				ProcessInitializeOnLoadAttributes (511ms)
				ProcessInitializeOnLoadMethodAttributes (70ms)
				AfterProcessingInitializeOnLoad (31ms)
				EditorAssembliesLoaded (0ms)
			ExecutionOrderSort2 (0ms)
			AwakeInstancesAfterBackupRestoration (23ms)
Platform modules already initialized, skipping
Refreshing native plugins compatible for Editor in 6.12 ms, found 3 plugins.
Preloading 0 native plugins for Editor in 0.00 ms.
Unloading 3394 Unused Serialized files (Serialized files now loaded: 0)
Unloading 19 unused Assets / (25.4 KB). Loaded Objects now: 3865.
Memory consumption went from 0.51 GB to 0.51 GB.
Total: 7.007500 ms (FindLiveObjects: 0.426000 ms CreateObjectMapping: 0.380900 ms MarkObjects: 6.112700 ms  DeleteObjects: 0.085600 ms)

AssetImportParameters requested are different than current active one (requested -> active):
  custom:video-decoder-ogg-theora: a1e56fd34408186e4bbccfd4996cb3dc -> 
  custom:container-muxer-webm: aa71ff27fc2769a1b78a27578f13a17b -> 
  custom:container-demuxer-webm: 4f35f7cbe854078d1ac9338744f61a02 -> 
  custom:video-encoder-webm-vp8: eb34c28f22e8b96e1ab97ce403110664 -> 
  custom:video-codec-MediaFoundation-h265: 746d11721c4dcdbdad8f713fa42b33f4 -> 
  custom:audio-encoder-webm-vorbis: bf7c407c2cedff20999df2af8eb42d56 -> 
  custom:framework-win-MediaFoundation: 216162199b28c13a410421893ffa2e32 -> 
  custom:container-demuxer-ogg: 62fdf1f143b41e24485cea50d1cbac27 -> 
  custom:video-decoder-webm-vp8: 9c59270c3fd7afecdb556c50c9e8de78 -> 
  custom:audio-decoder-ogg-vorbis: bf7c407c2cedff20999df2af8eb42d56 -> 
========================================================================
Received Import Request.
  Time since last request: 42.317156 seconds.
  path: Assets/AF
  artifactKey: Guid(92c7bd9f8f7d9894698ede1d56257771) Importer(815301076,1909f56bfc062723c751e8b465ee728b)
Start importing Assets/AF using Guid(92c7bd9f8f7d9894698ede1d56257771) Importer(815301076,1909f56bfc062723c751e8b465ee728b)  -> (artifact id: '6b63522b6eab81e7910780de652d67eb') in 0.005087 seconds 
========================================================================
Received Import Request.
  Time since last request: 1.293286 seconds.
  path: Assets/AF/Models
  artifactKey: Guid(f63cfe684f6813b44a182fbeb92d7d4d) Importer(815301076,1909f56bfc062723c751e8b465ee728b)
Start importing Assets/AF/Models using Guid(f63cfe684f6813b44a182fbeb92d7d4d) Importer(815301076,1909f56bfc062723c751e8b465ee728b)  -> (artifact id: '88c10309faaea20df0a77d8778ec82a2') in 0.003224 seconds 
========================================================================
Received Import Request.
  Time since last request: 0.783598 seconds.
  path: Assets/AF/Models/怪兽
  artifactKey: Guid(9568617a00523a84cb30a1a06488bc89) Importer(815301076,1909f56bfc062723c751e8b465ee728b)
Start importing Assets/AF/Models/怪兽 using Guid(9568617a00523a84cb30a1a06488bc89) Importer(815301076,1909f56bfc062723c751e8b465ee728b)  -> (artifact id: '9fb4727f5c424809679874b887ebfc92') in 0.003622 seconds 
========================================================================
Received Import Request.
  Time since last request: 0.044783 seconds.
  path: Assets/AF/Models/怪兽/Img_1.png
  artifactKey: Guid(2c96f328671452249bdd931577172c01) Importer(815301076,1909f56bfc062723c751e8b465ee728b)
Start importing Assets/AF/Models/怪兽/Img_1.png using Guid(2c96f328671452249bdd931577172c01) Importer(815301076,1909f56bfc062723c751e8b465ee728b)  -> (artifact id: 'c9bccf867470d478613aea99912f27a7') in 0.120692 seconds 
========================================================================
Received Import Request.
  Time since last request: 0.000034 seconds.
  path: Assets/AF/Models/怪兽/MAT2.mat
  artifactKey: Guid(567b70d2e30a4784ead930865c979784) Importer(815301076,1909f56bfc062723c751e8b465ee728b)
Start importing Assets/AF/Models/怪兽/MAT2.mat using Guid(567b70d2e30a4784ead930865c979784) Importer(815301076,1909f56bfc062723c751e8b465ee728b)  -> (artifact id: 'cf42151aa05b0ba72ef923dfcabe77f2') in 0.823881 seconds 
========================================================================
Received Import Request.
  Time since last request: 0.000036 seconds.
  path: Assets/AF/Models/怪兽/MAT1.mat
  artifactKey: Guid(27fa5f2227bce17408464231b83b8a1a) Importer(815301076,1909f56bfc062723c751e8b465ee728b)
Start importing Assets/AF/Models/怪兽/MAT1.mat using Guid(27fa5f2227bce17408464231b83b8a1a) Importer(815301076,1909f56bfc062723c751e8b465ee728b)  -> (artifact id: 'a76624ec798050957999af4816430083') in 0.022374 seconds 
========================================================================
Received Import Request.
  Time since last request: 17.883176 seconds.
  path: Assets/AF/Models/神鸟/神鸟.fbx
  artifactKey: Guid(b22c5933d65ab3d4a81f4dd40a65134e) Importer(815301076,1909f56bfc062723c751e8b465ee728b)
Start importing Assets/AF/Models/神鸟/神鸟.fbx using Guid(b22c5933d65ab3d4a81f4dd40a65134e) Importer(815301076,1909f56bfc062723c751e8b465ee728b)  -> (artifact id: '1a1b6a0b565659ce9a8ee0f9b1cbd601') in 0.092923 seconds 
========================================================================
Received Import Request.
  Time since last request: 5.174495 seconds.
  path: Assets/AF/Prefabs/怪兽.prefab
  artifactKey: Guid(6354333f5299d704d8065cc9502e4bf7) Importer(815301076,1909f56bfc062723c751e8b465ee728b)
Start importing Assets/AF/Prefabs/怪兽.prefab using Guid(6354333f5299d704d8065cc9502e4bf7) Importer(815301076,1909f56bfc062723c751e8b465ee728b)  -> (artifact id: 'a97adaa36a0bffc23179bc918dacd5c4') in 0.032012 seconds 
========================================================================
Received Import Request.
  Time since last request: 27.209724 seconds.
  path: Assets/AF/Scenes/AF demo scene.unity
  artifactKey: Guid(99ade70c6426432458d4f1836b791566) Importer(815301076,1909f56bfc062723c751e8b465ee728b)
Start importing Assets/AF/Scenes/AF demo scene.unity using Guid(99ade70c6426432458d4f1836b791566) Importer(815301076,1909f56bfc062723c751e8b465ee728b)  -> (artifact id: '391d1f69ae43779706618af10225b6b0') in 0.002302 seconds 
========================================================================
Received Import Request.
  Time since last request: 13.919627 seconds.
  path: Assets/Scenes/SampleScene.unity
  artifactKey: Guid(9fc0d4010bbf28b4594072e72b8655ab) Importer(815301076,1909f56bfc062723c751e8b465ee728b)
Start importing Assets/Scenes/SampleScene.unity using Guid(9fc0d4010bbf28b4594072e72b8655ab) Importer(815301076,1909f56bfc062723c751e8b465ee728b)  -> (artifact id: 'b3898ecab419b1a0e4bae8c12d07fc71') in 0.002747 seconds 
